{"level":"info","message":"Local storage initialized at ./uploads","service":"ai-job-agent","timestamp":"2026-06-28T13:55:43.171Z"}
{"level":"info","message":"Email notifications configured","service":"ai-job-agent","timestamp":"2026-06-28T13:55:43.256Z"}
{"level":"info","message":"Email notifications configured","service":"ai-job-agent","timestamp":"2026-06-28T13:59:10.619Z"}
{"level":"info","message":"Local storage initialized at ./uploads","service":"ai-job-agent","timestamp":"2026-06-28T13:59:12.048Z"}
{"level":"info","message":"Local storage initialized at ./uploads","service":"ai-job-agent","timestamp":"2026-06-28T14:00:10.206Z"}
{"level":"info","message":"Email notifications configured","service":"ai-job-agent","timestamp":"2026-06-28T14:00:10.391Z"}
{"level":"info","message":"Local storage initialized at ./uploads","service":"ai-job-agent","timestamp":"2026-06-28T14:01:30.705Z"}
{"level":"info","message":"Email notifications configured","service":"ai-job-agent","timestamp":"2026-06-28T14:01:30.764Z"}
{"level":"warn","message":"Redis connection error (queue service): ","service":"ai-job-agent","timestamp":"2026-06-28T14:01:31.506Z"}
{"level":"error","message":"Failed to initialize job queue service: Connection is closed.","service":"ai-job-agent","timestamp":"2026-06-28T14:01:31.508Z"}
{"level":"warn","message":"Running without job queue - background jobs will be processed synchronously","service":"ai-job-agent","timestamp":"2026-06-28T14:01:31.509Z"}
{"level":"info","message":"Created 19 workers","service":"ai-job-agent","timestamp":"2026-06-28T14:01:31.540Z"}
{"level":"info","message":"BullMQ workers registered","service":"ai-job-agent","timestamp":"2026-06-28T14:01:31.540Z"}
{"level":"info","message":"SchedulerService started — 7 tasks active","service":"ai-job-agent","timestamp":"2026-06-28T14:01:31.591Z"}
{"level":"info","message":"Socket.IO notifications configured","service":"ai-job-agent","timestamp":"2026-06-28T14:01:31.591Z"}
{"level":"info","message":"\n╔════════════════════════════════════════════════════════╗\n║                                                        ║\n║   🚀 AI Job Agent API Server                          ║\n║   📡 Server running on port 5000                     ║\n║   🌍 Environment: development                      ║\n║   🕐 Started at: 2026-06-28T14:01:31.601Z ║\n║   ✅ Database connected║\n║   ⚠️  Queue service unavailable║\n║   ✅ Scheduler running║\n║                                                        ║\n║   Endpoints:                                           ║\n║   - API:       http://localhost:5000/api            ║\n║   - Health:    http://localhost:5000/api/health/live║\n║   - Metrics:   http://localhost:5000/api/metrics    ║\n║   - WebSocket: ws://localhost:5000                  ║\n║                                                        ║\n╚════════════════════════════════════════════════════════╝\n      ","service":"ai-job-agent","timestamp":"2026-06-28T14:01:31.601Z"}
{"level":"warn","message":"Redis connection error (queue service): ","service":"ai-job-agent","timestamp":"2026-06-28T14:01:31.695Z"}
{"level":"warn","message":"Redis connection error (queue service): ","service":"ai-job-agent","timestamp":"2026-06-28T14:01:31.833Z"}
{"level":"warn","message":"Redis connection error (queue service): ","service":"ai-job-agent","timestamp":"2026-06-28T14:01:32.018Z"}
{"level":"warn","message":"Redis connection error (queue service): ","service":"ai-job-agent","timestamp":"2026-06-28T14:01:32.256Z"}
{"level":"warn","message":"Redis connection error (queue service): ","service":"ai-job-agent","timestamp":"2026-06-28T14:01:32.550Z"}
{"level":"warn","message":"Redis connection error (queue service): ","service":"ai-job-agent","timestamp":"2026-06-28T14:01:32.883Z"}
{"level":"warn","message":"Redis connection error (queue service): ","service":"ai-job-agent","timestamp":"2026-06-28T14:01:33.285Z"}
{"level":"warn","message":"Redis connection error (queue service): ","service":"ai-job-agent","timestamp":"2026-06-28T14:01:33.738Z"}
{"level":"warn","message":"Redis connection error (queue service): ","service":"ai-job-agent","timestamp":"2026-06-28T14:01:34.219Z"}
{"level":"warn","message":"Redis connection error (queue service): ","service":"ai-job-agent","timestamp":"2026-06-28T14:01:34.759Z"}
{"level":"warn","message":"Redis connection error (queue service): ","service":"ai-job-agent","timestamp":"2026-06-28T14:01:35.405Z"}
{"level":"warn","message":"Redis connection error (queue service): ","service":"ai-job-agent","timestamp":"2026-06-28T14:01:36.061Z"}
{"level":"warn","message":"Redis connection error (queue service): ","service":"ai-job-agent","timestamp":"2026-06-28T14:01:36.764Z"}
{"level":"warn","message":"Redis connection error (queue service): ","service":"ai-job-agent","timestamp":"2026-06-28T14:01:37.503Z"}
{"level":"warn","message":"Redis connection error (queue service): ","service":"ai-job-agent","timestamp":"2026-06-28T14:01:38.287Z"}
{"level":"warn","message":"Redis connection error (queue service): ","service":"ai-job-agent","timestamp":"2026-06-28T14:01:39.136Z"}
{"level":"warn","message":"Redis connection error (queue service): ","service":"ai-job-agent","timestamp":"2026-06-28T14:01:40.047Z"}
{"level":"warn","message":"Redis connection error (queue service): ","service":"ai-job-agent","timestamp":"2026-06-28T14:01:41.056Z"}
{"level":"warn","message":"Redis connection error (queue service): ","service":"ai-job-agent","timestamp":"2026-06-28T14:01:42.113Z"}
{"level":"warn","message":"Redis connection error (queue service): ","service":"ai-job-agent","timestamp":"2026-06-28T14:01:43.143Z"}
{"level":"warn","message":"Redis connection error (queue service): ","service":"ai-job-agent","timestamp":"2026-06-28T14:01:44.239Z"}
{"level":"warn","message":"Redis connection error (queue service): ","service":"ai-job-agent","timestamp":"2026-06-28T14:01:45.374Z"}
{"level":"warn","message":"Redis connection error (queue service): ","service":"ai-job-agent","timestamp":"2026-06-28T14:01:46.556Z"}
{"level":"warn","message":"Redis connection error (queue service): ","service":"ai-job-agent","timestamp":"2026-06-28T14:01:47.781Z"}
{"level":"warn","message":"Redis connection error (queue service): ","service":"ai-job-agent","timestamp":"2026-06-28T14:01:49.069Z"}
{"level":"warn","message":"Redis connection error (queue service): ","service":"ai-job-agent","timestamp":"2026-06-28T14:01:50.485Z"}
{"level":"warn","message":"Redis connection error (queue service): ","service":"ai-job-agent","timestamp":"2026-06-28T14:01:51.892Z"}
{"level":"warn","message":"Redis connection error (queue service): ","service":"ai-job-agent","timestamp":"2026-06-28T14:01:53.353Z"}
{"level":"warn","message":"Redis connection error (queue service): ","service":"ai-job-agent","timestamp":"2026-06-28T14:01:54.854Z"}
{"level":"warn","message":"Redis connection error (queue service): ","service":"ai-job-agent","timestamp":"2026-06-28T14:01:56.389Z"}
{"level":"warn","message":"Redis connection error (queue service): ","service":"ai-job-agent","timestamp":"2026-06-28T14:01:57.950Z"}
{"level":"warn","message":"Redis connection error (queue service): ","service":"ai-job-agent","timestamp":"2026-06-28T14:01:59.556Z"}
{"level":"warn","message":"Redis connection error (queue service): ","service":"ai-job-agent","timestamp":"2026-06-28T14:02:01.217Z"}
{"level":"warn","message":"Redis connection error (queue service): ","service":"ai-job-agent","timestamp":"2026-06-28T14:02:02.935Z"}
{"level":"warn","message":"Redis connection error (queue service): ","service":"ai-job-agent","timestamp":"2026-06-28T14:02:04.705Z"}
{"level":"warn","message":"Redis connection error (queue service): ","service":"ai-job-agent","timestamp":"2026-06-28T14:02:06.535Z"}
{"level":"warn","message":"Redis connection error (queue service): ","service":"ai-job-agent","timestamp":"2026-06-28T14:02:08.409Z"}
{"level":"warn","message":"Redis connection error (queue service): ","service":"ai-job-agent","timestamp":"2026-06-28T14:02:10.356Z"}
{"level":"warn","message":"Redis connection error (queue service): ","service":"ai-job-agent","timestamp":"2026-06-28T14:02:12.549Z"}
{"level":"warn","message":"Redis connection error (queue service): ","service":"ai-job-agent","timestamp":"2026-06-28T14:02:14.968Z"}
{"level":"warn","message":"Redis connection error (queue service): ","service":"ai-job-agent","timestamp":"2026-06-28T14:02:17.399Z"}
{"level":"warn","message":"Redis connection error (queue service): ","service":"ai-job-agent","timestamp":"2026-06-28T14:02:19.745Z"}
{"level":"warn","message":"Redis connection error (queue service): ","service":"ai-job-agent","timestamp":"2026-06-28T14:02:22.080Z"}
{"level":"warn","message":"Redis connection error (queue service): ","service":"ai-job-agent","timestamp":"2026-06-28T14:02:24.460Z"}
{"level":"warn","message":"Redis connection error (queue service): ","service":"ai-job-agent","timestamp":"2026-06-28T14:02:26.771Z"}
{"level":"warn","message":"Redis connection error (queue service): ","service":"ai-job-agent","timestamp":"2026-06-28T14:02:28.996Z"}
{"level":"warn","message":"Redis connection error (queue service): ","service":"ai-job-agent","timestamp":"2026-06-28T14:02:31.199Z"}
{"level":"warn","message":"Redis connection error (queue service): ","service":"ai-job-agent","timestamp":"2026-06-28T14:02:33.766Z"}
{"level":"warn","message":"Redis connection error (queue service): ","service":"ai-job-agent","timestamp":"2026-06-28T14:02:36.233Z"}
{"level":"warn","message":"Redis connection error (queue service): ","service":"ai-job-agent","timestamp":"2026-06-28T14:02:38.708Z"}
{"level":"warn","message":"Redis connection error (queue service): ","service":"ai-job-agent","timestamp":"2026-06-28T14:02:41.259Z"}
{"level":"warn","message":"Redis connection error (queue service): ","service":"ai-job-agent","timestamp":"2026-06-28T14:02:43.659Z"}
{"level":"warn","message":"Redis connection error (queue service): ","service":"ai-job-agent","timestamp":"2026-06-28T14:02:45.729Z"}
{"level":"warn","message":"Redis connection error (queue service): ","service":"ai-job-agent","timestamp":"2026-06-28T14:02:47.792Z"}
{"level":"warn","message":"Redis connection error (queue service): ","service":"ai-job-agent","timestamp":"2026-06-28T14:02:49.837Z"}
{"level":"warn","message":"Redis connection error (queue service): ","service":"ai-job-agent","timestamp":"2026-06-28T14:02:51.933Z"}
{"level":"warn","message":"Redis connection error (queue service): ","service":"ai-job-agent","timestamp":"2026-06-28T14:02:54.038Z"}
{"level":"warn","message":"Redis connection error (queue service): ","service":"ai-job-agent","timestamp":"2026-06-28T14:02:56.111Z"}
{"level":"warn","message":"Redis connection error (queue service): ","service":"ai-job-agent","timestamp":"2026-06-28T14:02:58.156Z"}
{"level":"warn","message":"Redis connection error (queue service): ","service":"ai-job-agent","timestamp":"2026-06-28T14:03:00.203Z"}
{"level":"warn","message":"Redis connection error (queue service): ","service":"ai-job-agent","timestamp":"2026-06-28T14:03:02.246Z"}
{"level":"warn","message":"Redis connection error (queue service): ","service":"ai-job-agent","timestamp":"2026-06-28T14:03:04.290Z"}
{"level":"warn","message":"Redis connection error (queue service): ","service":"ai-job-agent","timestamp":"2026-06-28T14:03:06.336Z"}
{"level":"warn","message":"Redis connection error (queue service): ","service":"ai-job-agent","timestamp":"2026-06-28T14:03:08.383Z"}
{"level":"warn","message":"Redis connection error (queue service): ","service":"ai-job-agent","timestamp":"2026-06-28T14:03:10.504Z"}
{"level":"info","message":"Local storage initialized at ./uploads","service":"ai-job-agent","timestamp":"2026-06-28T14:03:56.851Z"}
{"level":"info","message":"Email notifications configured","service":"ai-job-agent","timestamp":"2026-06-28T14:03:56.909Z"}
{"level":"warn","message":"Redis connection error (queue service): ","service":"ai-job-agent","timestamp":"2026-06-28T14:03:57.422Z"}
{"level":"error","message":"Failed to initialize job queue service: Connection is closed.","service":"ai-job-agent","timestamp":"2026-06-28T14:03:57.423Z"}
{"level":"warn","message":"Running without job queue - background jobs will be processed synchronously","service":"ai-job-agent","timestamp":"2026-06-28T14:03:57.424Z"}
{"level":"warn","message":"Queue initialisation failed (running without queues): Worker requires a connection","service":"ai-job-agent","timestamp":"2026-06-28T14:03:57.442Z"}
{"level":"info","message":"SchedulerService started — 7 tasks active","service":"ai-job-agent","timestamp":"2026-06-28T14:03:57.478Z"}
{"level":"info","message":"Socket.IO notifications configured","service":"ai-job-agent","timestamp":"2026-06-28T14:03:57.479Z"}
{"level":"info","message":"\n╔════════════════════════════════════════════════════════╗\n║                                                        ║\n║   🚀 AI Job Agent API Server                          ║\n║   📡 Server running on port 5000                     ║\n║   🌍 Environment: development                      ║\n║   🕐 Started at: 2026-06-28T14:03:57.483Z ║\n║   ✅ Database connected║\n║   ⚠️  Queue service unavailable║\n║   ✅ Scheduler running║\n║                                                        ║\n║   Endpoints:                                           ║\n║   - API:       http://localhost:5000/api            ║\n║   - Health:    http://localhost:5000/api/health/live║\n║   - Metrics:   http://localhost:5000/api/metrics    ║\n║   - WebSocket: ws://localhost:5000                  ║\n║                                                        ║\n╚════════════════════════════════════════════════════════╝\n      ","service":"ai-job-agent","timestamp":"2026-06-28T14:03:57.483Z"}
{"level":"info","message":"Local storage initialized at ./uploads","service":"ai-job-agent","timestamp":"2026-06-28T14:07:14.595Z"}
{"level":"info","message":"Email notifications configured","service":"ai-job-agent","timestamp":"2026-06-28T14:07:14.669Z"}
{"level":"warn","message":"Redis connection error (queue service): ","service":"ai-job-agent","timestamp":"2026-06-28T14:07:15.332Z"}
{"level":"error","message":"Failed to initialize job queue service: Connection is closed.","service":"ai-job-agent","timestamp":"2026-06-28T14:07:15.333Z"}
{"level":"warn","message":"Running without job queue - background jobs will be processed synchronously","service":"ai-job-agent","timestamp":"2026-06-28T14:07:15.334Z"}
{"level":"warn","message":"Queue initialisation failed (running without queues): Worker requires a connection","service":"ai-job-agent","timestamp":"2026-06-28T14:07:15.347Z"}
{"level":"info","message":"SchedulerService started — 7 tasks active","service":"ai-job-agent","timestamp":"2026-06-28T14:07:15.376Z"}
{"level":"info","message":"Socket.IO notifications configured","service":"ai-job-agent","timestamp":"2026-06-28T14:07:15.377Z"}
{"level":"info","message":"\n╔════════════════════════════════════════════════════════╗\n║                                                        ║\n║   🚀 AI Job Agent API Server                          ║\n║   📡 Server running on port 5000                     ║\n║   🌍 Environment: development                      ║\n║   🕐 Started at: 2026-06-28T14:07:15.380Z ║\n║   ✅ Database connected║\n║   ⚠️  Queue service unavailable║\n║   ✅ Scheduler running║\n║                                                        ║\n║   Endpoints:                                           ║\n║   - API:       http://localhost:5000/api            ║\n║   - Health:    http://localhost:5000/api/health/live║\n║   - Metrics:   http://localhost:5000/api/metrics    ║\n║   - WebSocket: ws://localhost:5000                  ║\n║                                                        ║\n╚════════════════════════════════════════════════════════╝\n      ","service":"ai-job-agent","timestamp":"2026-06-28T14:07:15.380Z"}
